2023-01-23 20:26:39,509 DEBUG Horse Создание Horse, имя name, скорость 1.0
2023-01-23 20:26:39,666 DEBUG Horse Создание Horse, имя name, скорость 1.0
2023-01-23 20:26:39,700 DEBUG Horse Создание Horse, имя name, скорость 1.0
2023-01-23 20:27:48,062 DEBUG Horse Создание Horse, имя name, скорость 1.0
2023-01-23 20:27:48,162 DEBUG Horse Создание Horse, имя name, скорость 1.0
2023-01-23 20:27:48,185 DEBUG Horse Создание Horse, имя name, скорость 1.0
2023-01-23 20:29:33,579 DEBUG Hippodrome Создание Hippodrome, лошадей 50
2023-01-23 20:40:19,243 DEBUG Hippodrome Создание Hippodrome, лошадей 50
2023-01-23 20:42:34,775 DEBUG Hippodrome Создание Hippodrome, лошадей 50
2023-01-23 20:43:20,722 DEBUG Hippodrome Создание Hippodrome, лошадей 50
2023-01-23 20:46:15,850 DEBUG Hippodrome Создание Hippodrome, лошадей 50
2023-01-23 20:47:33,457 DEBUG Hippodrome Создание Hippodrome, лошадей 50
2023-01-23 20:50:05,310 DEBUG Hippodrome Создание Hippodrome, лошадей 50
2023-01-23 20:52:06,591 DEBUG Hippodrome Создание Hippodrome, лошадей 50
2023-01-23 20:55:32,274 DEBUG Hippodrome Создание Hippodrome, лошадей 50
2023-01-23 20:56:30,748 DEBUG Hippodrome Создание Hippodrome, лошадей 50
2023-01-23 20:57:14,309 DEBUG Hippodrome Создание Hippodrome, лошадей 50
2023-01-23 21:09:05,605 DEBUG Hippodrome Создание Hippodrome, лошадей 50
2023-01-23 21:09:45,544 DEBUG Hippodrome Создание Hippodrome, лошадей 50
2023-01-23 21:11:07,629 DEBUG Hippodrome Создание Hippodrome, лошадей 50
2023-01-23 21:16:01,626 DEBUG Hippodrome Создание Hippodrome, лошадей 50
2023-01-23 21:17:22,602 DEBUG Hippodrome Создание Hippodrome, лошадей 50
2023-01-23 21:18:00,968 DEBUG Hippodrome Создание Hippodrome, лошадей 50
2023-01-23 21:19:02,925 DEBUG Hippodrome Создание Hippodrome, лошадей 5
2023-01-23 21:32:54,628 DEBUG Hippodrome Создание Hippodrome, лошадей 5
2023-01-23 21:34:55,961 DEBUG Hippodrome Создание Hippodrome, лошадей 50
2023-01-23 21:35:19,952 DEBUG Hippodrome Создание Hippodrome, лошадей 50
2023-01-23 21:36:33,614 DEBUG Hippodrome Создание Hippodrome, лошадей 50
2023-01-23 21:36:33,882 ERROR Hippodrome Horses list is null
2023-01-23 21:36:33,896 DEBUG Horse Создание Horse, имя Horse, скорость 0.6335314534697963
2023-01-23 21:36:33,896 DEBUG Horse Создание Horse, имя Horse, скорость 0.43009176892586454
2023-01-23 21:36:33,896 DEBUG Horse Создание Horse, имя Horse, скорость 0.507182091009049
2023-01-23 21:36:33,896 DEBUG Horse Создание Horse, имя Horse, скорость 0.9158620498480842
2023-01-23 21:36:33,897 DEBUG Horse Создание Horse, имя Horse, скорость 0.18568932867359256
2023-01-23 21:36:33,897 DEBUG Horse Создание Horse, имя Horse, скорость 0.31965021793605297
2023-01-23 21:36:33,897 DEBUG Horse Создание Horse, имя Horse, скорость 0.52078124036609
2023-01-23 21:36:33,897 DEBUG Horse Создание Horse, имя Horse, скорость 0.9981569725941888
2023-01-23 21:36:33,897 DEBUG Horse Создание Horse, имя Horse, скорость 0.9198946243355042
2023-01-23 21:36:33,898 DEBUG Horse Создание Horse, имя Horse, скорость 0.6006654666722108
2023-01-23 21:36:33,898 DEBUG Horse Создание Horse, имя Horse, скорость 0.8631358256598722
2023-01-23 21:36:33,898 DEBUG Horse Создание Horse, имя Horse, скорость 0.9946370795427241
2023-01-23 21:36:33,898 DEBUG Horse Создание Horse, имя Horse, скорость 0.14566065528860106
2023-01-23 21:36:33,898 DEBUG Horse Создание Horse, имя Horse, скорость 0.4645926180164245
2023-01-23 21:36:33,898 DEBUG Horse Создание Horse, имя Horse, скорость 0.8281699580072763
2023-01-23 21:36:33,899 DEBUG Horse Создание Horse, имя Horse, скорость 0.06980829103182662
2023-01-23 21:36:33,899 DEBUG Horse Создание Horse, имя Horse, скорость 0.004193813526336743
2023-01-23 21:36:33,899 DEBUG Horse Создание Horse, имя Horse, скорость 0.9379561101586087
2023-01-23 21:36:33,899 DEBUG Horse Создание Horse, имя Horse, скорость 0.40006395297439123
2023-01-23 21:36:33,899 DEBUG Horse Создание Horse, имя Horse, скорость 0.4446705315787328
2023-01-23 21:36:33,899 DEBUG Horse Создание Horse, имя Horse, скорость 0.5119509013102479
2023-01-23 21:36:33,899 DEBUG Horse Создание Horse, имя Horse, скорость 0.6831245388519113
2023-01-23 21:36:33,900 DEBUG Horse Создание Horse, имя Horse, скорость 0.4540684075608016
2023-01-23 21:36:33,900 DEBUG Horse Создание Horse, имя Horse, скорость 0.36305019132695915
2023-01-23 21:36:33,900 DEBUG Horse Создание Horse, имя Horse, скорость 0.9431244490655691
2023-01-23 21:36:33,900 DEBUG Horse Создание Horse, имя Horse, скорость 0.29523972353405015
2023-01-23 21:36:33,900 DEBUG Horse Создание Horse, имя Horse, скорость 0.8763249864233851
2023-01-23 21:36:33,900 DEBUG Horse Создание Horse, имя Horse, скорость 0.915415409127704
2023-01-23 21:36:33,900 DEBUG Horse Создание Horse, имя Horse, скорость 0.7737126148077987
2023-01-23 21:36:33,901 DEBUG Horse Создание Horse, имя Horse, скорость 0.8804573488711275
2023-01-23 21:36:33,901 DEBUG Hippodrome Создание Hippodrome, лошадей 30
2023-01-23 21:36:33,912 ERROR Hippodrome Horses list is empty
2023-01-23 21:36:33,924 DEBUG Horse Создание Horse, имя Horse, скорость 0.9503494505122779
2023-01-23 21:36:33,925 DEBUG Horse Создание Horse, имя Horse, скорость 0.6303306836602167
2023-01-23 21:36:33,925 DEBUG Horse Создание Horse, имя Horse, скорость 0.6598296844232557
2023-01-23 21:36:33,925 DEBUG Horse Создание Horse, имя Horse, скорость 0.9506544904478381
2023-01-23 21:36:33,926 DEBUG Horse Создание Horse, имя Horse, скорость 0.6078338359237819
2023-01-23 21:36:33,926 DEBUG Horse Создание Horse, имя Horse, скорость 0.9937066968724008
2023-01-23 21:36:33,926 DEBUG Horse Создание Horse, имя Horse, скорость 0.17291377699724453
2023-01-23 21:36:33,927 DEBUG Horse Создание Horse, имя Horse, скорость 0.9197608569717186
2023-01-23 21:36:33,927 DEBUG Horse Создание Horse, имя Horse, скорость 0.39142348750622524
2023-01-23 21:36:33,927 DEBUG Horse Создание Horse, имя Horse, скорость 0.30600190830046115
2023-01-23 21:36:33,927 DEBUG Horse Создание Horse, имя Horse, скорость 0.26448749884138545
2023-01-23 21:36:33,928 DEBUG Horse Создание Horse, имя Horse, скорость 0.7368698996309604
2023-01-23 21:36:33,928 DEBUG Horse Создание Horse, имя Horse, скорость 0.22712554954974662
2023-01-23 21:36:33,928 DEBUG Horse Создание Horse, имя Horse, скорость 0.5375320951215063
2023-01-23 21:36:33,929 DEBUG Horse Создание Horse, имя Horse, скорость 0.6831282174689517
2023-01-23 21:36:33,929 DEBUG Horse Создание Horse, имя Horse, скорость 0.44128564494737577
2023-01-23 21:36:33,929 DEBUG Horse Создание Horse, имя Horse, скорость 0.35400514708723596
2023-01-23 21:36:33,929 DEBUG Horse Создание Horse, имя Horse, скорость 0.09204394201249877
2023-01-23 21:36:33,929 DEBUG Horse Создание Horse, имя Horse, скорость 0.8163041089517054
2023-01-23 21:36:33,930 DEBUG Horse Создание Horse, имя Horse, скорость 0.6746622436796472
2023-01-23 21:36:33,930 DEBUG Horse Создание Horse, имя Horse, скорость 0.008825241739211953
2023-01-23 21:36:33,930 DEBUG Horse Создание Horse, имя Horse, скорость 0.638709086637461
2023-01-23 21:36:33,930 DEBUG Horse Создание Horse, имя Horse, скорость 0.6797320166077224
2023-01-23 21:36:33,930 DEBUG Horse Создание Horse, имя Horse, скорость 0.43539162273187204
2023-01-23 21:36:33,930 DEBUG Horse Создание Horse, имя Horse, скорость 0.713286581894386
2023-01-23 21:36:33,930 DEBUG Horse Создание Horse, имя Horse, скорость 0.42269491110084867
2023-01-23 21:36:33,930 DEBUG Horse Создание Horse, имя Horse, скорость 0.02691366933446837
2023-01-23 21:36:33,931 DEBUG Horse Создание Horse, имя Horse, скорость 0.610396284776596
2023-01-23 21:36:33,931 DEBUG Horse Создание Horse, имя Horse, скорость 0.26152427505107523
2023-01-23 21:36:33,931 DEBUG Horse Создание Horse, имя Horse, скорость 0.7144681052093862
2023-01-23 21:36:33,931 DEBUG Hippodrome Создание Hippodrome, лошадей 30
